SF:lib\features\auth\data\model\auth_api_model.dart
DA:19,2
DA:29,1
DA:39,1
DA:40,1
DA:41,1
DA:42,1
DA:43,1
DA:44,1
DA:45,1
DA:46,1
DA:47,1
DA:48,1
DA:52,1
DA:53,1
DA:54,1
DA:55,1
DA:56,1
DA:57,1
DA:58,1
DA:59,1
DA:60,1
DA:63,0
DA:64,0
DA:65,0
DA:66,0
DA:67,0
DA:68,0
DA:69,0
DA:70,0
DA:71,0
DA:72,0
LF:31
LH:21
end_of_record
SF:lib\features\auth\data\model\auth_api_model.g.dart
DA:9,0
DA:10,0
DA:11,0
DA:12,0
DA:13,0
DA:14,0
DA:15,0
DA:16,0
DA:17,0
DA:20,0
DA:21,0
DA:22,0
DA:23,0
DA:24,0
DA:25,0
DA:26,0
DA:27,0
DA:28,0
DA:29,0
LF:19
LH:0
end_of_record
SF:lib\features\auth\domain\entity\auth_entity.dart
DA:13,19
DA:24,1
DA:34,0
DA:35,0
DA:36,0
DA:37,0
DA:38,0
DA:45,0
LF:8
LH:2
end_of_record
SF:lib\core\error\failure.dart
DA:6,2
DA:8,0
DA:9,0
DA:13,0
DA:18,1
DA:25,0
LF:6
LH:2
end_of_record
SF:lib\features\cart\domain\entity\cart_item_entity.dart
DA:11,6
DA:20,0
DA:21,0
DA:22,0
DA:23,0
DA:24,0
DA:25,0
DA:26,0
DA:27,0
LF:9
LH:1
end_of_record
SF:lib\features\cart\domain\use_case\remove_product_usecase.dart
DA:15,1
DA:23,0
DA:24,0
DA:31,1
DA:34,1
DA:36,2
DA:37,1
DA:38,1
DA:39,1
DA:42,1
DA:43,1
LF:11
LH:9
end_of_record
SF:lib\app\shared_prefs\token_shared_prefs.dart
DA:7,0
DA:9,0
DA:11,0
DA:12,0
DA:14,0
DA:18,0
DA:20,0
DA:21,0
DA:23,0
LF:9
LH:0
end_of_record
SF:lib\app\shared_prefs\user_shared_prefs.dart
DA:9,0
DA:11,0
DA:13,0
DA:14,0
DA:16,0
DA:20,0
DA:22,0
DA:23,0
DA:24,0
DA:26,0
DA:30,0
DA:32,0
DA:33,0
DA:35,0
LF:14
LH:0
end_of_record
SF:lib\features\auth\domain\use_case\login_usecase.dart
DA:13,1
DA:18,0
DA:22,0
DA:23,0
DA:30,17
DA:35,1
DA:36,3
DA:44,1
DA:46,1
DA:48,6
DA:49,1
DA:50,0
DA:51,1
DA:53,3
DA:54,3
DA:55,3
DA:56,4
LF:17
LH:13
end_of_record
SF:lib\features\auth\domain\use_case\update_user_usecase.dart
DA:13,1
DA:20,0
DA:21,0
DA:26,1
DA:28,1
DA:30,2
DA:31,1
DA:32,1
DA:33,1
DA:34,1
LF:10
LH:8
end_of_record
SF:lib\features\auth\data\model\auth_hive_model.dart
DA:26,1
DA:34,1
DA:37,1
DA:46,1
DA:47,1
DA:48,1
DA:49,1
DA:50,1
DA:51,1
DA:52,2
DA:53,1
DA:54,1
DA:60,1
DA:61,1
DA:62,1
DA:63,1
DA:64,2
DA:65,1
DA:66,1
DA:67,1
DA:68,1
DA:72,0
DA:73,0
DA:74,0
DA:75,0
DA:76,0
DA:77,0
DA:78,0
DA:79,0
DA:80,0
LF:30
LH:21
end_of_record
SF:lib\features\auth\data\model\auth_hive_model.g.dart
DA:13,0
DA:15,0
DA:16,0
DA:17,0
DA:19,0
DA:20,0
DA:21,0
DA:22,0
DA:23,0
DA:24,0
DA:25,0
DA:26,0
DA:30,0
DA:33,0
DA:34,0
DA:35,0
DA:36,0
DA:37,0
DA:38,0
DA:39,0
DA:40,0
DA:41,0
DA:42,0
DA:43,0
DA:44,0
DA:45,0
DA:46,0
DA:47,0
DA:50,0
DA:51,0
DA:53,0
DA:56,0
DA:57,0
DA:58,0
LF:34
LH:0
end_of_record
SF:lib\app\constants\hive_table_constant.dart
DA:2,0
LF:1
LH:0
end_of_record
SF:lib\features\auth\domain\use_case\register_user_usecase.dart
DA:17,1
DA:26,0
DA:36,0
DA:46,0
DA:47,0
DA:48,0
DA:49,0
DA:50,0
DA:51,0
DA:52,0
DA:53,0
DA:54,0
DA:60,2
DA:62,1
DA:64,1
DA:65,1
DA:66,1
DA:67,1
DA:68,1
DA:69,1
DA:70,1
DA:71,1
DA:73,2
LF:23
LH:12
end_of_record
SF:lib\features\auth\domain\use_case\upload_image_usercase.dart
DA:11,1
DA:19,2
DA:21,1
DA:23,3
LF:4
LH:4
end_of_record
SF:lib\features\auth\presentation\view_model\login\login_state.dart
DA:8,15
DA:14,1
DA:18,0
DA:23,0
DA:24,0
DA:25,0
LF:6
LH:2
end_of_record
SF:lib\features\auth\presentation\view_model\login\login_event.dart
DA:4,1
DA:6,0
DA:7,0
DA:17,0
DA:29,1
DA:35,1
DA:42,0
LF:7
LH:3
end_of_record
SF:lib\features\auth\presentation\view_model\login\login_bloc.dart
DA:22,1
DA:29,2
DA:30,2
DA:31,2
DA:32,2
DA:34,1
DA:35,0
DA:36,0
DA:37,0
DA:38,0
DA:39,0
DA:40,0
DA:41,0
DA:42,0
DA:44,0
DA:45,0
DA:48,0
DA:56,0
DA:58,0
DA:59,0
DA:61,0
DA:62,0
DA:63,0
DA:65,0
DA:66,0
DA:67,0
DA:68,0
DA:69,0
DA:74,0
DA:75,0
DA:76,0
DA:77,0
DA:78,0
DA:79,0
DA:87,1
DA:88,2
DA:91,1
DA:93,2
LF:38
LH:10
end_of_record
SF:lib\features\auth\presentation\view_model\signup\register_event.dart
DA:4,1
DA:6,0
DA:7,0
DA:12,1
DA:17,0
DA:35,0
LF:6
LH:2
end_of_record
SF:lib\features\auth\presentation\view_model\signup\register_state.dart
DA:9,16
DA:16,1
DA:25,1
DA:31,1
DA:32,1
DA:33,1
DA:34,0
DA:35,1
DA:39,1
DA:40,5
LF:10
LH:9
end_of_record
SF:lib\features\auth\presentation\view_model\signup\register_bloc.dart
DA:18,1
DA:23,2
DA:24,2
DA:25,2
DA:26,2
DA:29,0
DA:33,0
DA:34,0
DA:38,0
DA:39,0
DA:40,0
DA:41,0
DA:42,0
DA:43,0
DA:44,0
DA:45,0
DA:46,0
DA:50,0
DA:51,0
DA:52,0
DA:56,0
DA:57,0
DA:61,0
DA:62,0
DA:63,0
DA:64,0
DA:65,0
DA:66,0
DA:67,0
DA:68,0
DA:69,0
DA:72,0
DA:73,0
DA:74,0
DA:75,0
DA:76,0
DA:77,0
DA:82,1
DA:84,4
DA:87,0
DA:91,0
DA:92,0
DA:93,0
DA:94,0
DA:98,0
DA:99,0
DA:100,0
DA:101,0
LF:48
LH:7
end_of_record
SF:lib\features\home\presentation\view_model\home_cubit.dart
DA:5,3
DA:8,1
DA:9,3
LF:3
LH:3
end_of_record
SF:lib\app\constants\api_endpoints.dart
DA:2,0
LF:1
LH:0
end_of_record
SF:lib\app\di\di.dart
DA:46,3
DA:48,0
DA:49,0
DA:50,0
DA:51,0
DA:52,0
DA:53,0
DA:54,0
DA:55,0
DA:56,0
DA:57,0
DA:58,0
DA:59,0
DA:61,0
DA:64,0
DA:65,0
DA:66,0
DA:68,0
DA:69,0
DA:72,0
DA:73,0
DA:75,0
DA:76,0
DA:78,0
DA:79,0
DA:81,0
DA:82,0
DA:85,0
DA:86,0
DA:87,0
DA:88,0
DA:89,0
DA:90,0
DA:95,0
DA:97,0
DA:98,0
DA:102,0
DA:103,0
DA:104,0
DA:108,0
DA:109,0
DA:113,0
DA:114,0
DA:118,0
DA:119,0
DA:120,0
DA:122,0
DA:123,0
DA:125,0
DA:126,0
DA:128,0
DA:129,0
DA:131,0
DA:132,0
DA:134,0
DA:135,0
DA:138,0
DA:139,0
DA:140,0
DA:141,0
DA:142,0
DA:143,0
DA:144,0
DA:145,0
DA:150,0
DA:151,0
DA:152,0
DA:155,0
DA:156,0
DA:157,0
DA:158,0
DA:161,0
DA:162,0
DA:166,0
DA:168,0
DA:169,0
DA:173,0
DA:174,0
DA:178,0
DA:180,0
DA:181,0
DA:185,0
DA:186,0
DA:190,0
DA:191,0
DA:195,0
DA:196,0
DA:200,0
DA:201,0
DA:202,0
DA:205,0
DA:206,0
DA:207,0
DA:211,0
DA:212,0
DA:213,0
DA:214,0
DA:220,0
DA:222,0
DA:223,0
DA:227,0
DA:228,0
DA:229,0
DA:230,0
DA:231,0
DA:235,0
DA:236,0
DA:237,0
DA:238,0
DA:239,0
DA:244,0
DA:245,0
DA:246,0
DA:251,0
DA:253,0
DA:254,0
DA:255,0
DA:260,0
DA:261,0
DA:264,0
DA:265,0
DA:268,0
DA:269,0
DA:272,0
DA:273,0
DA:276,0
DA:277,0
DA:278,0
DA:279,0
DA:280,0
DA:281,0
DA:286,0
DA:287,0
DA:288,0
LF:134
LH:1
end_of_record
SF:lib\core\network\api_service.dart
DA:9,0
DA:11,0
DA:12,0
DA:13,0
DA:14,0
DA:15,0
DA:16,0
DA:17,0
DA:19,0
LF:9
LH:0
end_of_record
SF:lib\core\network\hive_service.dart
DA:7,0
DA:8,0
DA:9,0
DA:11,0
DA:14,0
DA:18,0
DA:19,0
DA:20,0
DA:23,0
DA:24,0
DA:25,0
DA:28,0
DA:29,0
DA:30,0
DA:34,0
DA:35,0
DA:36,0
DA:37,0
DA:38,0
DA:44,0
DA:45,0
DA:49,0
DA:50,0
LF:23
LH:0
end_of_record
SF:lib\features\FAQ\presentation\view_model\faq_cubit.dart
DA:7,0
LF:1
LH:0
end_of_record
SF:lib\features\FAQ\presentation\view_model\faq_state.dart
DA:4,0
DA:6,0
DA:7,0
LF:3
LH:0
end_of_record
SF:lib\features\about_us\presentation\view_model\about_us_cubit.dart
DA:7,0
LF:1
LH:0
end_of_record
SF:lib\features\about_us\presentation\view_model\about_us_state.dart
DA:4,0
DA:6,0
DA:7,0
LF:3
LH:0
end_of_record
SF:lib\features\auth\data\data_source\local_data_source\auth_local_data_source.dart
DA:12,0
DA:14,0
DA:16,0
DA:28,0
DA:31,0
DA:32,0
DA:34,0
DA:38,0
DA:42,0
DA:44,0
DA:45,0
DA:47,0
DA:51,0
DA:54,0
DA:57,0
DA:60,0
LF:16
LH:0
end_of_record
SF:lib\features\auth\data\data_source\remote_data_source\auth_remote_data_source.dart
DA:13,0
DA:15,0
DA:18,0
DA:21,0
DA:24,0
DA:26,0
DA:32,0
DA:33,0
DA:34,0
DA:35,0
DA:37,0
DA:39,0
DA:40,0
DA:42,0
DA:46,0
DA:49,0
DA:51,0
DA:52,0
DA:53,0
DA:54,0
DA:55,0
DA:56,0
DA:57,0
DA:58,0
DA:61,0
DA:64,0
DA:66,0
DA:67,0
DA:69,0
DA:73,0
DA:76,0
DA:77,0
DA:78,0
DA:79,0
DA:80,0
DA:86,0
DA:91,0
DA:92,0
DA:95,0
DA:97,0
DA:98,0
DA:100,0
DA:104,0
DA:108,0
DA:109,0
DA:110,0
DA:111,0
DA:112,0
DA:120,0
DA:123,0
DA:126,0
DA:127,0
DA:129,0
LF:53
LH:0
end_of_record
SF:lib\features\auth\data\repository\auth_local_repository\auth_local_repository.dart
DA:12,0
DA:14,0
DA:17,0
DA:18,0
DA:20,0
DA:24,0
DA:31,0
DA:32,0
DA:33,0
DA:35,0
DA:39,0
DA:42,0
DA:44,0
DA:48,0
DA:51,0
DA:54,0
DA:57,0
LF:17
LH:0
end_of_record
SF:lib\features\auth\data\repository\auth_remote_repository\auth_remote_repository.dart
DA:13,0
DA:15,0
DA:17,0
DA:20,0
DA:25,0
DA:26,0
DA:28,0
DA:32,0
DA:35,0
DA:38,0
DA:42,0
DA:45,0
DA:46,0
DA:48,0
DA:52,0
DA:60,0
DA:63,0
LF:17
LH:0
end_of_record
SF:lib\features\auth\presentation\view_model\update_user\my_information_event.dart
DA:4,1
DA:6,0
DA:7,0
DA:19,1
DA:29,0
DA:30,0
LF:6
LH:2
end_of_record
SF:lib\features\auth\presentation\view_model\update_user\my_information_state.dart
DA:7,16
DA:12,1
DA:16,0
DA:20,0
DA:21,0
DA:22,0
DA:26,0
DA:27,0
LF:8
LH:2
end_of_record
SF:lib\features\auth\presentation\view_model\update_user\my_information_bloc.dart
DA:15,1
DA:18,2
DA:19,2
DA:22,1
DA:26,6
DA:27,2
DA:31,1
DA:32,2
DA:33,2
DA:37,3
DA:38,2
DA:42,0
DA:43,0
DA:44,0
DA:45,0
DA:46,0
DA:47,0
DA:50,0
DA:51,0
DA:52,0
DA:53,0
DA:54,0
DA:55,0
DA:56,0
LF:24
LH:11
end_of_record
SF:lib\features\cart\data\data_source\cart_datasource.dart
DA:11,1
DA:15,1
DA:16,2
DA:17,1
DA:18,0
DA:19,1
DA:23,1
DA:27,1
DA:28,3
DA:30,1
DA:31,1
DA:33,2
DA:34,1
DA:38,0
DA:39,0
DA:41,0
DA:42,0
DA:44,0
DA:48,1
DA:52,1
DA:54,3
DA:56,1
DA:59,2
DA:60,1
DA:64,0
DA:65,0
DA:67,0
DA:68,0
DA:70,0
DA:74,1
DA:76,1
DA:77,3
DA:82,2
DA:83,1
DA:87,0
DA:88,0
DA:90,0
DA:91,0
DA:93,0
DA:97,0
DA:99,0
DA:100,0
DA:101,0
DA:102,0
DA:103,0
DA:105,0
DA:106,0
DA:108,0
DA:109,0
DA:111,0
DA:112,0
DA:114,0
LF:52
LH:23
end_of_record
SF:lib\features\cart\data\repository\cart_remote_repository.dart
DA:10,0
DA:12,0
DA:16,0
DA:19,0
DA:23,0
DA:26,0
DA:29,0
DA:33,0
DA:37,0
DA:38,0
DA:40,0
DA:44,0
DA:48,0
DA:51,0
LF:14
LH:0
end_of_record
SF:lib\features\cart\domain\use_case\add_product_usecase.dart
DA:16,1
DA:23,0
DA:24,0
DA:30,1
DA:33,1
DA:35,2
DA:36,1
DA:37,1
DA:38,1
DA:41,1
DA:42,1
LF:11
LH:9
end_of_record
SF:lib\features\cart\domain\use_case\clear_cart_usecase.dart
DA:10,1
DA:14,0
DA:15,0
DA:16,0
DA:23,1
DA:26,1
DA:28,2
LF:7
LH:4
end_of_record
SF:lib\features\cart\domain\use_case\get_cart_usecase.dart
DA:11,2
DA:15,0
DA:16,0
DA:17,0
DA:25,1
DA:28,1
DA:31,2
LF:7
LH:4
end_of_record
SF:lib\features\cart\presentation\view_model\cart_state.dart
DA:8,16
DA:14,1
DA:22,1
DA:27,1
DA:28,1
DA:29,0
DA:34,1
DA:35,4
LF:8
LH:7
end_of_record
SF:lib\features\cart\presentation\view_model\cart_event.dart
DA:4,16
DA:5,0
DA:6,0
DA:11,16
DA:12,0
DA:13,0
DA:23,0
DA:31,0
DA:32,0
DA:42,0
DA:50,0
DA:51,0
DA:56,0
DA:57,0
DA:58,0
LF:15
LH:2
end_of_record
SF:lib\features\cart\presentation\view_model\cart_bloc.dart
DA:18,1
DA:23,2
DA:24,2
DA:25,2
DA:26,2
DA:27,2
DA:28,1
DA:31,1
DA:32,3
DA:34,4
DA:35,1
DA:36,0
DA:37,0
DA:38,4
DA:42,0
DA:44,0
DA:45,0
DA:46,0
DA:47,0
DA:48,0
DA:49,0
DA:50,0
DA:51,0
DA:54,0
DA:55,0
DA:56,0
DA:57,0
DA:58,0
DA:61,0
DA:64,0
DA:66,0
DA:67,0
DA:68,0
DA:69,0
DA:70,0
DA:71,0
DA:72,0
DA:73,0
DA:76,0
DA:77,0
DA:78,0
DA:79,0
DA:80,0
DA:83,0
DA:86,0
DA:88,0
DA:89,0
DA:90,0
DA:92,0
DA:93,0
DA:94,0
DA:95,0
DA:96,0
LF:53
LH:12
end_of_record
SF:lib\features\delivery_charge\presentation\view_model\delivery_charge_cubit.dart
DA:7,0
LF:1
LH:0
end_of_record
SF:lib\features\delivery_charge\presentation\view_model\delivery_charge_state.dart
DA:4,0
DA:6,0
DA:7,0
LF:3
LH:0
end_of_record
SF:lib\features\feedback\presentation\view_model\feedback_cubit.dart
DA:7,0
LF:1
LH:0
end_of_record
SF:lib\features\feedback\presentation\view_model\feedback_state.dart
DA:4,0
DA:6,0
DA:7,0
LF:3
LH:0
end_of_record
SF:lib\features\help\presentation\view_model\help_cubit.dart
DA:7,0
LF:1
LH:0
end_of_record
SF:lib\features\help\presentation\view_model\help_state.dart
DA:4,0
DA:6,0
DA:7,0
LF:3
LH:0
end_of_record
SF:lib\features\onboarding\presentation\view_model\on_boarding_screen_cubit.dart
DA:9,0
DA:11,0
DA:13,0
DA:14,0
DA:15,0
DA:17,0
DA:18,0
DA:19,0
DA:20,0
LF:9
LH:0
end_of_record
SF:lib\features\order_view\presentation\view_model\order_view_state.dart
DA:4,0
DA:6,0
DA:7,0
LF:3
LH:0
end_of_record
SF:lib\features\order_view\presentation\view_model\order_view_cubit.dart
DA:7,0
LF:1
LH:0
end_of_record
SF:lib\features\privacy_policy\presentation\view_model\privacy_policy_state.dart
DA:4,0
DA:6,0
DA:7,0
LF:3
LH:0
end_of_record
SF:lib\features\privacy_policy\presentation\view_model\privacy_policy_cubit.dart
DA:7,0
LF:1
LH:0
end_of_record
SF:lib\features\product\data\data_source\remote_data_source\product_remote_data_source.dart
DA:10,0
DA:14,0
DA:17,0
DA:18,0
DA:20,0
DA:22,0
DA:23,0
DA:25,0
DA:27,0
DA:28,0
DA:30,0
LF:11
LH:0
end_of_record
SF:lib\features\product\data\repository\product_remote_repository.dart
DA:10,0
DA:12,0
DA:15,0
DA:16,0
DA:18,0
DA:19,0
DA:20,0
LF:7
LH:0
end_of_record
SF:lib\features\product\domain\use_case\get_all_product_usecase.dart
DA:10,1
DA:12,1
DA:14,2
LF:3
LH:3
end_of_record
SF:lib\features\product\presentation\view_model\product_bloc.dart
DA:12,1
DA:15,2
DA:16,2
DA:19,2
DA:22,1
DA:24,3
DA:25,2
DA:26,1
DA:27,1
DA:28,4
DA:29,1
DA:30,3
LF:12
LH:12
end_of_record
SF:lib\features\product\presentation\view_model\product_event.dart
DA:4,1
DA:6,0
DA:7,0
LF:3
LH:1
end_of_record
SF:lib\features\product\presentation\view_model\product_state.dart
DA:8,16
DA:14,1
DA:22,1
DA:27,1
DA:28,1
DA:29,0
DA:34,1
DA:35,4
LF:8
LH:7
end_of_record
SF:lib\features\profile\presentation\view_model\profile_state.dart
DA:4,1
DA:6,0
DA:7,0
LF:3
LH:1
end_of_record
SF:lib\features\profile\presentation\view_model\profile_cubit.dart
DA:21,1
DA:30,2
DA:32,1
DA:33,1
DA:34,1
DA:36,1
DA:37,2
DA:38,1
DA:46,0
DA:47,0
DA:48,0
DA:50,0
DA:51,0
DA:52,0
DA:60,1
DA:61,1
DA:62,1
DA:64,1
DA:65,2
DA:66,1
DA:74,1
DA:75,1
DA:76,1
DA:78,1
DA:79,2
DA:80,1
LF:26
LH:20
end_of_record
SF:lib\features\setting\presentation\view_model\setting_state.dart
DA:5,0
DA:7,0
DA:8,0
LF:3
LH:0
end_of_record
SF:lib\features\setting\presentation\view_model\setting_cubit.dart
DA:20,1
DA:27,1
DA:36,1
DA:37,1
DA:38,1
DA:40,1
DA:41,2
DA:42,1
DA:50,1
DA:51,1
DA:52,1
DA:54,1
DA:55,2
DA:56,1
DA:64,1
DA:65,1
DA:66,1
DA:68,1
DA:69,2
DA:70,1
DA:78,1
DA:79,1
DA:80,1
DA:82,1
DA:83,2
DA:84,1
DA:92,1
DA:93,1
DA:94,1
DA:96,1
DA:97,2
DA:98,1
DA:106,1
DA:107,1
DA:108,1
DA:110,1
DA:111,2
DA:112,1
LF:38
LH:38
end_of_record
SF:lib\features\splash\presentation\view_model\splash_cubit.dart
DA:7,2
DA:11,0
DA:12,0
DA:13,0
DA:14,0
DA:16,0
DA:17,0
DA:18,0
LF:8
LH:1
end_of_record
SF:lib\features\support\presentation\view_model\support_state.dart
DA:4,0
DA:6,0
DA:7,0
LF:3
LH:0
end_of_record
SF:lib\features\support\presentation\view_model\support_cubit.dart
DA:7,0
LF:1
LH:0
end_of_record
SF:lib\features\terms_and_condition\presentation\view_model\terms_and_condition_state.dart
DA:4,1
DA:6,1
DA:7,1
LF:3
LH:3
end_of_record
SF:lib\features\terms_and_condition\presentation\view_model\terms_and_condition_cubit.dart
DA:7,3
LF:1
LH:1
end_of_record
SF:lib\core\common\break_common.dart
DA:3,0
LF:1
LH:0
end_of_record
SF:lib\core\common\logo_common.dart
DA:4,15
DA:10,0
DA:12,0
DA:14,0
LF:4
LH:1
end_of_record
SF:lib\core\common\textfield_commoner.dart
DA:4,0
DA:19,0
DA:21,0
DA:22,0
DA:23,0
DA:24,0
DA:25,0
DA:26,0
LF:8
LH:0
end_of_record
SF:lib\core\network\dio_error_interceptor.dart
DA:4,0
DA:6,0
DA:8,0
DA:9,0
DA:10,0
DA:11,0
DA:12,0
DA:13,0
DA:16,0
DA:17,0
DA:18,0
DA:20,0
DA:25,0
DA:26,0
DA:28,0
DA:31,0
LF:16
LH:0
end_of_record
SF:lib\core\success\success_screen_view.dart
DA:5,15
DA:7,0
DA:9,0
DA:10,0
DA:12,0
DA:13,0
LF:6
LH:1
end_of_record
SF:lib\features\auth\presentation\view\login_screen_view.dart
DA:17,0
DA:19,0
DA:21,0
DA:22,0
DA:23,0
DA:25,0
DA:26,0
DA:27,0
DA:28,0
DA:29,0
DA:30,0
DA:32,0
DA:33,0
DA:34,0
DA:47,0
DA:48,0
DA:49,0
DA:54,0
DA:55,0
DA:56,0
DA:61,0
DA:62,0
DA:64,0
DA:65,0
DA:66,0
DA:67,0
DA:68,0
DA:69,0
DA:71,0
DA:72,0
DA:89,0
DA:90,0
DA:91,0
DA:92,0
DA:93,0
DA:100,0
DA:101,0
DA:102,0
DA:104,0
DA:105,0
DA:106,0
DA:107,0
DA:108,0
DA:109,0
DA:110,0
DA:111,0
DA:112,0
DA:114,0
DA:115,0
DA:119,0
DA:120,0
DA:121,0
DA:122,0
DA:124,0
DA:131,0
DA:142,0
DA:144,0
DA:146,0
DA:149,0
DA:150,0
DA:156,0
DA:157,0
DA:158,0
DA:160,0
DA:161,0
DA:162,0
LF:66
LH:0
end_of_record
SF:lib\features\FAQ\presentation\view\faq_screen.dart
DA:4,15
DA:6,1
DA:8,1
DA:9,1
DA:19,1
DA:21,1
DA:23,1
DA:24,1
DA:29,1
DA:33,1
DA:37,1
DA:49,1
DA:50,1
DA:52,1
DA:54,1
DA:55,1
DA:60,1
LF:17
LH:17
end_of_record
SF:lib\features\about_us\presentation\view\about_us_screen.dart
DA:4,15
DA:6,1
DA:8,1
DA:9,1
DA:19,1
DA:21,1
DA:23,1
DA:24,1
DA:25,1
DA:30,1
DA:31,1
DA:36,1
DA:37,1
DA:38,1
DA:39,1
DA:40,1
DA:41,1
DA:43,1
DA:44,1
DA:55,1
DA:56,1
DA:58,1
DA:65,1
DA:66,1
DA:68,1
DA:75,1
DA:76,1
DA:78,1
DA:80,1
DA:83,1
DA:84,1
LF:31
LH:31
end_of_record
SF:lib\features\auth\presentation\view\register_screen_view.dart
DA:14,15
DA:16,0
DA:17,0
DA:34,0
DA:35,0
DA:36,0
DA:37,0
DA:41,0
DA:43,0
DA:45,0
DA:46,0
DA:48,0
DA:49,0
DA:54,0
DA:58,0
DA:60,0
DA:62,0
DA:63,0
DA:65,0
DA:66,0
DA:67,0
DA:71,0
DA:74,0
DA:76,0
DA:77,0
DA:78,0
DA:79,0
DA:80,0
DA:81,0
DA:82,0
DA:83,0
DA:84,0
DA:87,0
DA:89,0
DA:91,0
DA:92,0
DA:93,0
DA:94,0
DA:95,0
DA:96,0
DA:98,0
DA:99,0
DA:100,0
DA:102,0
DA:103,0
DA:104,0
DA:107,0
DA:109,0
DA:110,0
DA:113,0
DA:114,0
DA:115,0
DA:116,0
DA:117,0
DA:122,0
DA:128,0
DA:129,0
DA:130,0
DA:135,0
DA:147,0
DA:149,0
DA:150,0
DA:156,0
DA:166,0
DA:167,0
DA:171,0
DA:172,0
DA:177,0
DA:178,0
DA:183,0
DA:184,0
DA:188,0
DA:189,0
DA:194,0
DA:195,0
DA:201,0
DA:202,0
DA:208,0
DA:209,0
DA:210,0
DA:211,0
DA:212,0
DA:213,0
DA:214,0
DA:215,0
DA:216,0
DA:230,0
DA:231,0
DA:232,0
DA:233,0
DA:237,0
DA:240,0
DA:241,0
DA:242,0
DA:244,0
DA:246,0
DA:247,0
DA:248,0
DA:249,0
DA:250,0
DA:251,0
DA:253,0
DA:254,0
DA:256,0
DA:258,0
DA:260,0
DA:261,0
DA:263,0
DA:264,0
DA:265,0
DA:266,0
DA:267,0
DA:269,0
DA:276,0
DA:291,0
DA:292,0
DA:295,0
DA:298,0
DA:299,0
DA:303,0
DA:309,0
DA:310,0
DA:312,0
DA:314,0
DA:317,0
DA:318,0
DA:324,0
DA:325,0
DA:326,0
DA:328,0
DA:329,0
LF:131
LH:1
end_of_record
SF:lib\features\change_password\presentation\view\verify_email_view.dart
DA:6,15
DA:8,0
DA:10,0
DA:11,0
DA:14,0
DA:16,0
DA:17,0
DA:25,0
DA:26,0
DA:27,0
DA:29,0
DA:32,0
DA:42,0
DA:51,0
DA:62,0
DA:63,0
DA:64,0
DA:65,0
DA:67,0
DA:68,0
DA:72,0
DA:76,0
DA:77,0
LF:23
LH:1
end_of_record
SF:lib\features\auth\presentation\view\my_information_view.dart
DA:7,15
DA:9,0
DA:10,0
DA:22,0
DA:24,0
DA:25,0
DA:28,0
DA:29,0
DA:30,0
DA:31,0
DA:32,0
DA:34,0
DA:35,0
DA:36,0
DA:41,0
DA:42,0
DA:46,0
DA:47,0
DA:48,0
DA:55,0
DA:57,0
DA:58,0
DA:59,0
DA:60,0
DA:61,0
DA:71,0
DA:73,0
DA:75,0
DA:76,0
DA:77,0
DA:78,0
DA:79,0
DA:80,0
DA:82,0
DA:84,0
DA:85,0
DA:86,0
DA:90,0
DA:103,0
DA:104,0
DA:106,0
DA:109,0
DA:111,0
DA:112,0
DA:118,0
DA:120,0
DA:121,0
DA:122,0
DA:123,0
DA:124,0
DA:125,0
LF:51
LH:1
end_of_record
SF:lib\sensor\shake.detector.dart
DA:20,0
DA:26,0
DA:27,0
DA:28,0
DA:30,0
DA:31,0
DA:32,0
DA:35,0
DA:37,0
DA:38,0
DA:39,0
DA:40,0
DA:41,0
DA:47,0
DA:48,0
LF:15
LH:0
end_of_record
SF:lib\core\common\snackbar\my_snackbar.dart
DA:3,0
DA:8,0
DA:10,0
DA:11,0
DA:12,0
LF:5
LH:0
end_of_record
SF:lib\features\home\presentation\view\client_homepage_view.dart
DA:7,15
DA:9,0
DA:11,0
DA:12,0
DA:13,0
DA:14,0
DA:15,0
DA:16,0
DA:17,0
DA:37,0
DA:41,0
DA:42,0
LF:12
LH:1
end_of_record
SF:lib\features\cart\data\model\cart_item_api_model.dart
DA:17,2
DA:26,0
DA:27,0
DA:29,0
DA:32,0
DA:33,0
DA:34,0
DA:35,0
DA:37,0
DA:38,0
DA:42,2
DA:43,1
DA:44,1
DA:45,1
DA:47,1
DA:48,1
DA:51,1
DA:52,1
DA:53,1
DA:54,1
DA:55,1
DA:57,1
DA:58,1
LF:23
LH:14
end_of_record
SF:lib\features\cart\data\model\cart_item_api_model.g.dart
DA:9,0
DA:10,0
DA:11,0
DA:12,0
DA:13,0
DA:14,0
DA:15,0
DA:18,0
DA:19,0
DA:20,0
DA:21,0
DA:22,0
DA:23,0
DA:24,0
LF:14
LH:0
end_of_record
SF:lib\features\cart\presentation\view\cart_screen_view.dart
DA:8,15
DA:10,0
DA:13,0
DA:14,0
DA:21,0
DA:28,0
DA:38,0
DA:39,0
DA:40,0
DA:43,0
DA:44,0
DA:54,0
DA:55,0
DA:56,0
DA:59,0
DA:60,0
DA:62,0
DA:66,0
DA:67,0
DA:68,0
DA:69,0
DA:70,0
DA:72,0
DA:73,0
DA:74,0
DA:75,0
DA:77,0
DA:78,0
DA:80,0
DA:82,0
DA:83,0
DA:84,0
DA:85,0
DA:91,0
DA:92,0
DA:94,0
DA:95,0
DA:96,0
DA:102,0
DA:103,0
DA:104,0
DA:106,0
DA:113,0
DA:117,0
DA:118,0
DA:122,0
DA:123,0
DA:124,0
DA:125,0
DA:126,0
DA:128,0
DA:129,0
DA:134,0
DA:135,0
DA:136,0
DA:138,0
DA:139,0
DA:140,0
DA:146,0
DA:147,0
DA:150,0
DA:154,0
DA:155,0
DA:156,0
DA:157,0
DA:159,0
DA:160,0
DA:161,0
DA:166,0
DA:167,0
DA:173,0
DA:177,0
DA:178,0
DA:179,0
DA:180,0
DA:182,0
DA:183,0
DA:184,0
DA:202,0
DA:204,0
DA:205,0
DA:206,0
DA:208,0
DA:216,0
DA:217,0
DA:226,0
DA:227,0
DA:228,0
DA:230,0
DA:231,0
DA:232,0
DA:238,0
DA:240,0
DA:241,0
LF:94
LH:1
end_of_record
SF:lib\features\order\presentation\view\order_screen_view.dart
DA:8,0
DA:14,0
DA:15,0
DA:27,0
DA:29,0
DA:30,0
DA:31,0
DA:32,0
DA:33,0
DA:34,0
DA:37,0
DA:38,0
DA:42,0
DA:43,0
DA:48,0
DA:54,0
DA:56,0
DA:57,0
DA:61,0
DA:63,0
DA:65,0
DA:72,0
DA:75,0
DA:76,0
DA:77,0
DA:78,0
DA:80,0
DA:81,0
DA:83,0
DA:85,0
DA:86,0
DA:87,0
DA:88,0
DA:94,0
DA:95,0
DA:97,0
DA:98,0
DA:99,0
DA:105,0
DA:106,0
DA:107,0
DA:109,0
DA:115,0
DA:116,0
DA:122,0
DA:123,0
DA:137,0
DA:139,0
DA:144,0
DA:145,0
DA:158,0
DA:159,0
DA:160,0
DA:161,0
DA:163,0
DA:164,0
DA:169,0
DA:170,0
DA:178,0
DA:179,0
DA:184,0
DA:185,0
DA:193,0
DA:194,0
DA:199,0
DA:200,0
DA:208,0
DA:209,0
DA:214,0
DA:215,0
DA:223,0
DA:224,0
DA:229,0
DA:230,0
DA:241,0
DA:242,0
DA:243,0
LF:77
LH:0
end_of_record
SF:lib\features\change_password\presentation\view\change_password_view.dart
DA:7,15
DA:9,0
DA:10,0
DA:18,0
DA:19,0
DA:20,0
DA:22,0
DA:23,0
DA:29,0
DA:30,0
DA:37,0
DA:38,0
DA:44,0
DA:49,0
DA:50,0
DA:51,0
DA:55,0
DA:57,0
DA:58,0
DA:66,0
DA:67,0
DA:68,0
DA:70,0
DA:72,0
DA:81,0
DA:90,0
DA:91,0
DA:94,0
DA:96,0
DA:97,0
DA:100,0
DA:102,0
DA:103,0
DA:104,0
LF:34
LH:1
end_of_record
SF:lib\features\change_password\presentation\view\verify_otp_view.dart
DA:6,15
DA:8,0
DA:10,0
DA:11,0
DA:14,0
DA:16,0
DA:20,0
DA:21,0
DA:22,0
DA:24,0
DA:27,0
DA:28,0
DA:30,0
DA:44,0
DA:53,0
DA:64,0
DA:65,0
DA:66,0
DA:67,0
DA:69,0
DA:70,0
DA:74,0
DA:78,0
DA:79,0
LF:24
LH:1
end_of_record
SF:lib\features\delivery_charge\presentation\view\delivery_charge_screen.dart
DA:4,15
DA:6,1
DA:8,1
DA:9,1
DA:19,1
DA:21,1
DA:23,1
DA:24,1
DA:25,1
DA:30,1
DA:31,1
DA:32,1
DA:35,1
DA:36,1
DA:37,1
DA:40,1
DA:49,1
DA:50,1
DA:52,1
DA:59,1
DA:60,1
DA:62,1
DA:69,1
DA:70,1
DA:72,1
DA:74,1
DA:77,1
DA:78,1
DA:80,1
DA:81,1
DA:85,1
LF:31
LH:31
end_of_record
SF:lib\features\feedback\presentation\view\feedback_screen.dart
DA:4,15
DA:6,1
DA:7,1
DA:13,0
DA:14,0
DA:15,0
DA:24,0
DA:31,0
DA:34,1
DA:36,1
DA:37,1
DA:47,1
DA:49,1
DA:51,1
DA:57,1
DA:58,1
DA:60,1
DA:62,1
DA:63,1
DA:68,1
DA:70,1
DA:71,1
DA:72,1
DA:85,1
DA:87,2
DA:88,1
LF:26
LH:21
end_of_record
SF:lib\features\help\presentation\view\help_view.dart
DA:4,15
DA:6,1
DA:8,1
DA:9,1
DA:19,1
DA:21,1
DA:23,1
DA:24,1
DA:29,1
DA:34,1
DA:38,1
DA:43,1
DA:54,1
DA:55,1
DA:57,1
DA:59,1
DA:60,1
DA:65,1
LF:18
LH:18
end_of_record
SF:lib\features\home\presentation\view\bottom_navigation\home_screen_view.dart
DA:12,15
DA:14,0
DA:16,0
DA:18,0
DA:42,0
DA:43,0
DA:46,0
DA:48,0
DA:50,0
DA:51,0
DA:52,0
DA:53,0
DA:63,0
DA:65,0
DA:67,0
DA:69,0
DA:70,0
DA:73,0
DA:74,0
DA:78,0
DA:82,0
DA:84,0
DA:85,0
DA:86,0
DA:87,0
DA:88,0
DA:101,0
DA:103,0
DA:104,0
DA:105,0
DA:106,0
DA:107,0
DA:108,0
DA:120,0
DA:121,0
DA:122,0
DA:124,0
DA:125,0
DA:126,0
DA:129,0
DA:132,0
DA:133,0
DA:134,0
DA:135,0
DA:136,0
DA:137,0
DA:139,0
DA:140,0
DA:141,0
DA:142,0
DA:147,0
DA:159,0
DA:160,0
DA:161,0
DA:162,0
DA:164,0
DA:165,0
DA:168,0
DA:176,0
DA:177,0
DA:180,0
DA:182,0
DA:183,0
DA:184,0
DA:185,0
DA:191,0
DA:192,0
DA:193,0
DA:194,0
DA:198,0
DA:199,0
DA:202,0
DA:208,0
DA:209,0
DA:211,0
DA:212,0
DA:213,0
DA:220,0
DA:221,0
DA:228,0
DA:229,0
DA:237,0
DA:238,0
LF:83
LH:1
end_of_record
SF:lib\features\product\domain\entity\product_entity.dart
DA:13,2
DA:24,0
DA:34,1
DA:35,1
DA:36,1
DA:37,1
DA:38,1
DA:39,1
DA:40,1
DA:41,1
DA:42,1
DA:43,1
LF:12
LH:11
end_of_record
SF:lib\features\product\presentation\view\single_product_view.dart
DA:9,0
DA:11,0
DA:12,0
DA:18,0
DA:20,0
DA:21,0
DA:22,0
DA:24,0
DA:26,0
DA:29,0
DA:31,0
DA:33,0
DA:35,0
DA:36,0
DA:37,0
DA:40,0
DA:41,0
DA:43,0
DA:51,0
DA:53,0
DA:54,0
DA:55,0
DA:56,0
DA:63,0
DA:64,0
DA:74,0
DA:75,0
DA:84,0
DA:85,0
DA:91,0
DA:93,0
DA:94,0
DA:95,0
DA:96,0
DA:101,0
DA:102,0
DA:105,0
DA:107,0
DA:108,0
DA:109,0
DA:117,0
DA:119,0
DA:120,0
DA:123,0
DA:124,0
DA:126,0
DA:127,0
DA:128,0
DA:132,0
DA:144,0
DA:145,0
DA:149,0
DA:150,0
LF:53
LH:0
end_of_record
SF:lib\sensor\direction.detector.dart
DA:8,15
DA:10,0
DA:11,0
DA:26,0
DA:28,0
DA:29,0
DA:32,0
DA:33,0
DA:34,0
DA:35,0
DA:36,0
DA:40,0
DA:41,0
DA:42,0
DA:43,0
DA:49,0
DA:50,0
DA:53,0
DA:54,0
DA:58,0
DA:59,0
DA:60,0
DA:61,0
DA:64,0
DA:65,0
DA:68,0
DA:69,0
DA:70,0
DA:71,0
DA:74,0
DA:75,0
DA:76,0
DA:77,0
DA:80,0
DA:81,0
DA:85,0
DA:87,0
DA:89,0
DA:91,0
DA:93,0
DA:95,0
DA:97,0
DA:99,0
DA:106,0
DA:108,0
DA:109,0
DA:110,0
DA:113,0
DA:115,0
DA:117,0
DA:121,0
DA:123,0
DA:131,0
DA:132,0
DA:135,0
DA:136,0
LF:56
LH:1
end_of_record
SF:lib\features\home\presentation\view_model\home_state.dart
DA:17,1
DA:23,1
DA:24,1
DA:26,1
DA:28,1
DA:29,2
DA:32,1
DA:33,2
DA:36,1
DA:37,2
DA:45,1
DA:49,1
DA:50,0
DA:51,1
DA:55,1
DA:56,3
LF:16
LH:15
end_of_record
SF:lib\features\profile\presentation\view\profile_screen_view.dart
DA:14,15
DA:16,0
DA:17,0
DA:23,0
DA:24,0
DA:25,0
DA:26,0
DA:30,0
DA:32,0
DA:34,0
DA:35,0
DA:39,0
DA:43,0
DA:44,0
DA:45,0
DA:47,0
DA:49,0
DA:50,0
DA:52,0
DA:57,0
DA:59,0
DA:61,0
DA:62,0
DA:71,0
DA:72,0
DA:73,0
DA:78,0
DA:80,0
DA:81,0
DA:82,0
DA:83,0
DA:92,0
DA:95,0
DA:96,0
DA:100,0
DA:101,0
DA:102,0
DA:106,0
DA:107,0
DA:108,0
DA:110,0
DA:111,0
DA:119,0
DA:120,0
DA:122,0
DA:123,0
DA:125,0
DA:126,0
DA:127,0
DA:131,0
DA:132,0
DA:133,0
DA:135,0
DA:148,0
DA:149,0
DA:150,0
DA:151,0
DA:152,0
DA:154,0
DA:156,0
DA:157,0
DA:158,0
DA:159,0
DA:160,0
DA:164,0
DA:170,0
DA:171,0
DA:172,0
DA:176,0
DA:189,0
DA:190,0
DA:192,0
DA:200,0
DA:201,0
DA:202,0
DA:203,0
DA:204,0
DA:205,0
LF:78
LH:1
end_of_record
SF:lib\features\setting\presentation\view\setting_screen_view.dart
DA:6,15
DA:8,0
DA:10,0
DA:12,0
DA:13,0
DA:23,0
DA:24,0
DA:25,0
DA:27,0
DA:28,0
DA:30,0
DA:31,0
DA:33,0
DA:34,0
DA:36,0
DA:37,0
DA:39,0
DA:40,0
DA:41,0
DA:43,0
DA:44,0
DA:47,0
DA:55,0
DA:56,0
DA:57,0
DA:58,0
DA:59,0
DA:60,0
DA:72,0
DA:73,0
DA:75,0
DA:76,0
DA:78,0
DA:83,0
DA:84,0
DA:86,0
DA:88,0
DA:90,0
LF:38
LH:1
end_of_record
SF:lib\features\onboarding\presentation\view\on_boarding_screen_view.dart
DA:6,15
DA:8,0
DA:9,0
DA:22,0
DA:24,0
DA:26,0
DA:29,0
DA:30,0
DA:31,0
DA:32,0
DA:33,0
DA:34,0
DA:36,0
DA:37,0
DA:45,0
DA:47,0
DA:48,0
DA:49,0
DA:51,0
DA:52,0
DA:53,0
DA:54,0
DA:55,0
DA:56,0
DA:57,0
DA:60,0
DA:61,0
DA:62,0
DA:63,0
DA:64,0
DA:83,0
DA:85,0
DA:87,0
DA:88,0
DA:90,0
DA:91,0
LF:36
LH:1
end_of_record
SF:lib\features\order_view\presentation\view\view_order.dart
DA:6,15
DA:8,1
DA:9,1
DA:10,4
DA:13,1
DA:15,1
DA:16,1
DA:17,1
DA:18,1
DA:19,1
DA:20,1
DA:21,1
DA:22,1
DA:23,1
DA:26,1
DA:27,1
DA:37,1
DA:39,1
DA:40,1
DA:41,1
DA:42,1
DA:44,1
DA:47,2
DA:48,1
DA:51,1
DA:52,1
DA:56,1
DA:57,1
LF:28
LH:28
end_of_record
SF:lib\features\privacy_policy\presentation\view\privacy_policy_screen.dart
DA:4,15
DA:6,1
DA:8,1
DA:9,1
DA:19,1
DA:21,1
DA:23,1
DA:24,1
DA:25,1
DA:29,1
DA:30,1
DA:34,1
DA:35,1
DA:39,1
DA:40,1
DA:44,1
DA:45,1
DA:49,1
DA:50,1
DA:61,1
DA:62,1
DA:64,1
DA:71,1
DA:72,1
LF:24
LH:24
end_of_record
SF:lib\features\product\data\model\product_api_model.dart
DA:22,0
DA:33,0
DA:44,0
DA:45,0
DA:46,0
DA:47,0
DA:48,0
DA:49,0
DA:50,0
DA:51,0
DA:52,0
DA:53,0
DA:58,0
DA:59,0
DA:60,0
DA:61,0
DA:62,0
DA:63,0
DA:64,0
DA:65,0
DA:66,0
DA:67,0
DA:72,0
DA:73,0
DA:74,0
DA:75,0
DA:76,0
DA:77,0
DA:78,0
DA:79,0
DA:80,0
DA:84,0
DA:85,0
DA:86,0
DA:87,0
DA:88,0
DA:89,0
DA:90,0
DA:91,0
DA:92,0
DA:96,0
DA:97,0
DA:99,0
DA:100,0
DA:101,0
DA:102,0
DA:103,0
DA:104,0
DA:105,0
DA:106,0
DA:107,0
DA:108,0
LF:52
LH:0
end_of_record
SF:lib\features\product\data\model\product_api_model.g.dart
DA:9,0
DA:10,0
DA:11,0
DA:12,0
DA:13,0
DA:14,0
DA:15,0
DA:16,0
DA:17,0
DA:18,0
DA:21,0
DA:22,0
DA:23,0
DA:24,0
DA:25,0
DA:26,0
DA:27,0
DA:28,0
DA:29,0
DA:30,0
LF:20
LH:0
end_of_record
SF:lib\features\support\presentation\view\support_view.dart
DA:4,15
DA:6,1
DA:7,1
DA:18,0
DA:19,0
DA:20,0
DA:21,0
DA:22,0
DA:27,1
DA:29,1
DA:30,1
DA:40,1
DA:41,1
DA:42,1
DA:43,1
DA:45,2
DA:46,1
DA:47,2
DA:48,2
DA:49,1
DA:51,1
DA:54,1
DA:55,2
DA:56,1
DA:58,1
DA:59,1
DA:67,1
DA:73,1
DA:74,1
DA:76,1
DA:77,1
DA:78,1
DA:79,1
DA:80,1
DA:81,1
DA:83,2
DA:88,1
DA:89,1
DA:97,1
DA:99,2
DA:100,1
LF:41
LH:36
end_of_record
SF:lib\features\terms_and_condition\presentation\view\terms_and_condition_view.dart
DA:4,15
DA:6,1
DA:8,1
DA:9,1
DA:19,1
DA:21,1
DA:23,1
DA:24,1
DA:25,1
DA:28,1
DA:29,1
DA:32,1
DA:33,1
DA:36,1
DA:37,1
DA:40,1
DA:41,1
DA:44,1
DA:45,1
DA:54,1
DA:55,1
DA:57,1
DA:64,1
DA:65,1
LF:24
LH:24
end_of_record
SF:lib\features\cart\data\model\cart_api_model.dart
DA:13,2
DA:18,0
DA:19,0
DA:21,0
DA:24,0
DA:25,0
DA:26,0
DA:30,2
DA:31,1
DA:32,5
DA:35,0
DA:36,0
LF:12
LH:4
end_of_record
SF:lib\features\cart\data\model\cart_api_model.g.dart
DA:9,0
DA:10,0
DA:11,0
DA:12,0
DA:13,0
DA:16,0
DA:17,0
DA:18,0
DA:19,0
LF:9
LH:0
end_of_record
SF:lib\features\cart\domain\entity\cart_entity.dart
DA:8,1
DA:13,0
DA:17,0
DA:18,0
LF:4
LH:1
end_of_record
