SF:lib\core\error\failure.dart
DA:6,1
DA:8,0
DA:9,0
DA:13,0
DA:18,1
DA:25,0
LF:6
LH:2
end_of_record
SF:lib\features\auth\domain\use_case\login_usecase.dart
DA:12,1
DA:18,0
DA:22,0
DA:23,0
DA:30,1
DA:32,1
DA:35,1
DA:36,3
DA:37,2
DA:38,1
DA:39,0
DA:40,1
DA:41,2
DA:45,1
LF:14
LH:10
end_of_record
SF:lib\app\shared_prefs\token_shared_prefs.dart
DA:7,0
DA:9,0
DA:11,0
DA:12,0
DA:14,0
DA:18,0
DA:20,0
DA:21,0
DA:23,0
LF:9
LH:0
end_of_record
SF:lib\features\auth\domain\entity\auth_entity.dart
DA:13,1
DA:24,1
DA:34,0
DA:35,0
DA:36,0
DA:37,0
DA:38,0
DA:39,0
DA:40,0
DA:41,0
DA:42,0
DA:43,0
LF:12
LH:2
end_of_record
SF:lib\features\auth\domain\use_case\register_user_usecase.dart
DA:18,1
DA:27,0
DA:38,0
DA:48,0
DA:49,0
DA:50,0
DA:51,0
DA:52,0
DA:53,0
DA:54,0
DA:55,0
DA:56,0
DA:62,1
DA:64,1
DA:66,1
DA:67,1
DA:68,1
DA:69,1
DA:70,1
DA:71,1
DA:72,1
DA:73,1
DA:75,2
LF:23
LH:12
end_of_record
SF:lib\features\auth\domain\use_case\upload_image_usercase.dart
DA:11,1
DA:20,1
DA:22,1
DA:24,3
LF:4
LH:4
end_of_record
